<?xml version="1.0" encoding="UTF-8"?>
<testng-results ignored="0" total="10" passed="10" failed="0" skipped="0">
  <reporter-output>
  </reporter-output>
  <suite started-at="2023-10-11T15:50:17 IST" name="Suite" finished-at="2023-10-11T15:52:06 IST" duration-ms="109109">
    <groups>
    </groups>
    <test started-at="2023-10-11T15:50:17 IST" name="EdgeTest" finished-at="2023-10-11T15:52:05 IST" duration-ms="108321">
      <class name="TestClassPakage.TestClassForForgotPassword">
        <test-method is-config="true" signature="luanchbrowser(java.lang.String)[pri:0, instance:TestClassPakage.TestClassForForgotPassword@2d3379b4]" started-at="2023-10-11T15:50:28 IST" name="luanchbrowser" finished-at="2023-10-11T15:50:39 IST" duration-ms="10823" status="PASS">
          <params>
            <param index="0">
              <value>
                <![CDATA[Edge]]>
              </value>
            </param>
          </params>
          <reporter-output>
          </reporter-output>
        </test-method> <!-- luanchbrowser -->
        <test-method is-config="true" signature="luanchbrowser()[pri:0, instance:TestClassPakage.TestClassForForgotPassword@2d3379b4]" started-at="2023-10-11T15:51:11 IST" name="luanchbrowser" finished-at="2023-10-11T15:51:11 IST" duration-ms="4" status="PASS">
          <reporter-output>
          </reporter-output>
        </test-method> <!-- luanchbrowser -->
        <test-method is-config="true" signature="openLoginPage()[pri:0, instance:TestClassPakage.TestClassForForgotPassword@2d3379b4]" started-at="2023-10-11T15:51:11 IST" name="openLoginPage" finished-at="2023-10-11T15:51:43 IST" duration-ms="32143" status="PASS">
          <reporter-output>
          </reporter-output>
        </test-method> <!-- openLoginPage -->
        <test-method signature="verifyLoginCredentials()[pri:0, instance:TestClassPakage.TestClassForForgotPassword@2d3379b4]" started-at="2023-10-11T15:51:43 IST" name="verifyLoginCredentials" finished-at="2023-10-11T15:51:53 IST" duration-ms="10277" status="PASS">
          <reporter-output>
          </reporter-output>
        </test-method> <!-- verifyLoginCredentials -->
        <test-method is-config="true" signature="logout(org.testng.ITestResult)[pri:0, instance:TestClassPakage.TestClassForForgotPassword@2d3379b4]" started-at="2023-10-11T15:51:53 IST" name="logout" finished-at="2023-10-11T15:51:53 IST" duration-ms="4" status="PASS">
          <params>
            <param index="0">
              <value>
                <![CDATA[[TestResult name=verifyLoginCredentials status=SUCCESS method=TestClassForForgotPassword.verifyLoginCredentials()[pri:0, instance:TestClassPakage.TestClassForForgotPassword@2d3379b4] output={null}]]]>
              </value>
            </param>
          </params>
          <reporter-output>
          </reporter-output>
        </test-method> <!-- logout -->
        <test-method is-config="true" signature="closebrowser()[pri:0, instance:TestClassPakage.TestClassForForgotPassword@2d3379b4]" started-at="2023-10-11T15:51:53 IST" name="closebrowser" finished-at="2023-10-11T15:52:05 IST" duration-ms="12012" status="PASS">
          <reporter-output>
          </reporter-output>
        </test-method> <!-- closebrowser -->
      </class> <!-- TestClassPakage.TestClassForForgotPassword -->
      <class name="TestClassPakage.TestClassForSignUp">
        <test-method is-config="true" signature="luanchbrowser(java.lang.String)[pri:0, instance:TestClassPakage.TestClassForSignUp@30c15d8b]" started-at="2023-10-11T15:50:58 IST" name="luanchbrowser" finished-at="2023-10-11T15:51:11 IST" duration-ms="13130" status="PASS">
          <params>
            <param index="0">
              <value>
                <![CDATA[Edge]]>
              </value>
            </param>
          </params>
          <reporter-output>
          </reporter-output>
        </test-method> <!-- luanchbrowser -->
        <test-method is-config="true" signature="luanchbrowser()[pri:0, instance:TestClassPakage.TestClassForSignUp@30c15d8b]" started-at="2023-10-11T15:51:11 IST" name="luanchbrowser" finished-at="2023-10-11T15:51:11 IST" duration-ms="14" status="PASS">
          <reporter-output>
          </reporter-output>
        </test-method> <!-- luanchbrowser -->
        <test-method is-config="true" signature="openLoginPage()[pri:0, instance:TestClassPakage.TestClassForSignUp@30c15d8b]" started-at="2023-10-11T15:51:11 IST" name="openLoginPage" finished-at="2023-10-11T15:51:33 IST" duration-ms="22187" status="PASS">
          <reporter-output>
          </reporter-output>
        </test-method> <!-- openLoginPage -->
        <test-method signature="verifyLoginCredentials()[pri:1, instance:TestClassPakage.TestClassForSignUp@30c15d8b]" started-at="2023-10-11T15:51:33 IST" name="verifyLoginCredentials" finished-at="2023-10-11T15:51:46 IST" duration-ms="13177" status="PASS">
          <reporter-output>
          </reporter-output>
        </test-method> <!-- verifyLoginCredentials -->
        <test-method is-config="true" signature="logout(org.testng.ITestResult)[pri:0, instance:TestClassPakage.TestClassForSignUp@30c15d8b]" started-at="2023-10-11T15:51:46 IST" name="logout" finished-at="2023-10-11T15:51:46 IST" duration-ms="33" status="PASS">
          <params>
            <param index="0">
              <value>
                <![CDATA[[TestResult name=verifyLoginCredentials status=SUCCESS method=TestClassForSignUp.verifyLoginCredentials()[pri:1, instance:TestClassPakage.TestClassForSignUp@30c15d8b] output={null}]]]>
              </value>
            </param>
          </params>
          <reporter-output>
          </reporter-output>
        </test-method> <!-- logout -->
        <test-method is-config="true" signature="openLoginPage()[pri:0, instance:TestClassPakage.TestClassForSignUp@30c15d8b]" started-at="2023-10-11T15:51:47 IST" name="openLoginPage" finished-at="2023-10-11T15:51:52 IST" duration-ms="5855" status="PASS">
          <reporter-output>
          </reporter-output>
        </test-method> <!-- openLoginPage -->
        <test-method signature="verifyLoginCredentials2()[pri:1, instance:TestClassPakage.TestClassForSignUp@30c15d8b]" started-at="2023-10-11T15:51:52 IST" name="verifyLoginCredentials2" finished-at="2023-10-11T15:51:57 IST" duration-ms="5000" status="PASS">
          <reporter-output>
          </reporter-output>
        </test-method> <!-- verifyLoginCredentials2 -->
        <test-method is-config="true" signature="logout(org.testng.ITestResult)[pri:0, instance:TestClassPakage.TestClassForSignUp@30c15d8b]" started-at="2023-10-11T15:51:57 IST" name="logout" finished-at="2023-10-11T15:51:57 IST" duration-ms="7" status="PASS">
          <params>
            <param index="0">
              <value>
                <![CDATA[[TestResult name=verifyLoginCredentials2 status=SUCCESS method=TestClassForSignUp.verifyLoginCredentials2()[pri:1, instance:TestClassPakage.TestClassForSignUp@30c15d8b] output={null}]]]>
              </value>
            </param>
          </params>
          <reporter-output>
          </reporter-output>
        </test-method> <!-- logout -->
        <test-method is-config="true" signature="closebrowser()[pri:0, instance:TestClassPakage.TestClassForSignUp@30c15d8b]" started-at="2023-10-11T15:51:57 IST" name="closebrowser" finished-at="2023-10-11T15:52:04 IST" duration-ms="6798" status="PASS">
          <reporter-output>
          </reporter-output>
        </test-method> <!-- closebrowser -->
      </class> <!-- TestClassPakage.TestClassForSignUp -->
      <class name="TestClassPakage.TestClassForLoginPage">
        <test-method is-config="true" signature="luanchbrowser(java.lang.String)[pri:0, instance:TestClassPakage.TestClassForLoginPage@74235045]" started-at="2023-10-11T15:50:39 IST" name="luanchbrowser" finished-at="2023-10-11T15:50:58 IST" duration-ms="19153" status="PASS">
          <params>
            <param index="0">
              <value>
                <![CDATA[Edge]]>
              </value>
            </param>
          </params>
          <reporter-output>
          </reporter-output>
        </test-method> <!-- luanchbrowser -->
        <test-method is-config="true" signature="createObject()[pri:0, instance:TestClassPakage.TestClassForLoginPage@74235045]" started-at="2023-10-11T15:51:11 IST" name="createObject" finished-at="2023-10-11T15:51:11 IST" duration-ms="0" status="PASS">
          <reporter-output>
          </reporter-output>
        </test-method> <!-- createObject -->
        <test-method is-config="true" signature="openLoginPage()[pri:0, instance:TestClassPakage.TestClassForLoginPage@74235045]" started-at="2023-10-11T15:51:11 IST" name="openLoginPage" finished-at="2023-10-11T15:51:25 IST" duration-ms="14243" status="PASS">
          <reporter-output>
          </reporter-output>
        </test-method> <!-- openLoginPage -->
        <test-method signature="verifyUser()[pri:0, instance:TestClassPakage.TestClassForLoginPage@74235045]" started-at="2023-10-11T15:51:25 IST" name="verifyUser" finished-at="2023-10-11T15:51:53 IST" duration-ms="27511" status="PASS">
          <reporter-output>
          </reporter-output>
        </test-method> <!-- verifyUser -->
        <test-method is-config="true" signature="logout(org.testng.ITestResult)[pri:0, instance:TestClassPakage.TestClassForLoginPage@74235045]" started-at="2023-10-11T15:51:53 IST" name="logout" finished-at="2023-10-11T15:51:53 IST" duration-ms="0" status="PASS">
          <params>
            <param index="0">
              <value>
                <![CDATA[[TestResult name=verifyUser status=SUCCESS method=TestClassForLoginPage.verifyUser()[pri:0, instance:TestClassPakage.TestClassForLoginPage@74235045] output={null}]]]>
              </value>
            </param>
          </params>
          <reporter-output>
          </reporter-output>
        </test-method> <!-- logout -->
        <test-method is-config="true" signature="closebrowser()[pri:0, instance:TestClassPakage.TestClassForLoginPage@74235045]" started-at="2023-10-11T15:51:53 IST" name="closebrowser" finished-at="2023-10-11T15:52:05 IST" duration-ms="12634" status="PASS">
          <reporter-output>
          </reporter-output>
        </test-method> <!-- closebrowser -->
      </class> <!-- TestClassPakage.TestClassForLoginPage -->
      <class name="TestClassPakage.TestClassForFacebookLogin">
        <test-method is-config="true" signature="luanchbrowser(java.lang.String)[pri:0, instance:TestClassPakage.TestClassForFacebookLogin@618b19ad]" started-at="2023-10-11T15:50:17 IST" name="luanchbrowser" finished-at="2023-10-11T15:50:28 IST" duration-ms="10699" status="PASS">
          <params>
            <param index="0">
              <value>
                <![CDATA[Edge]]>
              </value>
            </param>
          </params>
          <reporter-output>
          </reporter-output>
        </test-method> <!-- luanchbrowser -->
        <test-method is-config="true" signature="createObject()[pri:0, instance:TestClassPakage.TestClassForFacebookLogin@618b19ad]" started-at="2023-10-11T15:51:11 IST" name="createObject" finished-at="2023-10-11T15:51:11 IST" duration-ms="3" status="PASS">
          <reporter-output>
          </reporter-output>
        </test-method> <!-- createObject -->
        <test-method is-config="true" signature="openLoginPage()[pri:0, instance:TestClassPakage.TestClassForFacebookLogin@618b19ad]" started-at="2023-10-11T15:51:11 IST" name="openLoginPage" finished-at="2023-10-11T15:51:46 IST" duration-ms="35437" status="PASS">
          <reporter-output>
          </reporter-output>
        </test-method> <!-- openLoginPage -->
        <test-method signature="verifyLoginCredentials()[pri:0, instance:TestClassPakage.TestClassForFacebookLogin@618b19ad]" started-at="2023-10-11T15:51:46 IST" name="verifyLoginCredentials" finished-at="2023-10-11T15:51:54 IST" duration-ms="7058" status="PASS">
          <reporter-output>
          </reporter-output>
        </test-method> <!-- verifyLoginCredentials -->
        <test-method is-config="true" signature="logout(org.testng.ITestResult)[pri:0, instance:TestClassPakage.TestClassForFacebookLogin@618b19ad]" started-at="2023-10-11T15:51:54 IST" name="logout" finished-at="2023-10-11T15:51:54 IST" duration-ms="3" status="PASS">
          <params>
            <param index="0">
              <value>
                <![CDATA[[TestResult name=verifyLoginCredentials status=SUCCESS method=TestClassForFacebookLogin.verifyLoginCredentials()[pri:0, instance:TestClassPakage.TestClassForFacebookLogin@618b19ad] output={null}]]]>
              </value>
            </param>
          </params>
          <reporter-output>
          </reporter-output>
        </test-method> <!-- logout -->
        <test-method is-config="true" signature="closebrowser()[pri:0, instance:TestClassPakage.TestClassForFacebookLogin@618b19ad]" started-at="2023-10-11T15:51:54 IST" name="closebrowser" finished-at="2023-10-11T15:52:05 IST" duration-ms="11945" status="PASS">
          <reporter-output>
          </reporter-output>
        </test-method> <!-- closebrowser -->
      </class> <!-- TestClassPakage.TestClassForFacebookLogin -->
    </test> <!-- EdgeTest -->
    <test started-at="2023-10-11T15:50:17 IST" name="ChromeTest" finished-at="2023-10-11T15:52:06 IST" duration-ms="109109">
      <class name="TestClassPakage.TestClassForForgotPassword">
        <test-method is-config="true" signature="luanchbrowser(java.lang.String)[pri:0, instance:TestClassPakage.TestClassForForgotPassword@6cf0e0ba]" started-at="2023-10-11T15:50:24 IST" name="luanchbrowser" finished-at="2023-10-11T15:50:31 IST" duration-ms="7056" status="PASS">
          <params>
            <param index="0">
              <value>
                <![CDATA[Chrome]]>
              </value>
            </param>
          </params>
          <reporter-output>
          </reporter-output>
        </test-method> <!-- luanchbrowser -->
        <test-method is-config="true" signature="luanchbrowser()[pri:0, instance:TestClassPakage.TestClassForForgotPassword@6cf0e0ba]" started-at="2023-10-11T15:50:46 IST" name="luanchbrowser" finished-at="2023-10-11T15:50:46 IST" duration-ms="378" status="PASS">
          <reporter-output>
          </reporter-output>
        </test-method> <!-- luanchbrowser -->
        <test-method is-config="true" signature="openLoginPage()[pri:0, instance:TestClassPakage.TestClassForForgotPassword@6cf0e0ba]" started-at="2023-10-11T15:50:46 IST" name="openLoginPage" finished-at="2023-10-11T15:51:01 IST" duration-ms="14487" status="PASS">
          <reporter-output>
          </reporter-output>
        </test-method> <!-- openLoginPage -->
        <test-method signature="verifyLoginCredentials()[pri:0, instance:TestClassPakage.TestClassForForgotPassword@6cf0e0ba]" started-at="2023-10-11T15:51:01 IST" name="verifyLoginCredentials" finished-at="2023-10-11T15:51:06 IST" duration-ms="5826" status="PASS">
          <reporter-output>
          </reporter-output>
        </test-method> <!-- verifyLoginCredentials -->
        <test-method is-config="true" signature="logout(org.testng.ITestResult)[pri:0, instance:TestClassPakage.TestClassForForgotPassword@6cf0e0ba]" started-at="2023-10-11T15:51:06 IST" name="logout" finished-at="2023-10-11T15:51:06 IST" duration-ms="5" status="PASS">
          <params>
            <param index="0">
              <value>
                <![CDATA[[TestResult name=verifyLoginCredentials status=SUCCESS method=TestClassForForgotPassword.verifyLoginCredentials()[pri:0, instance:TestClassPakage.TestClassForForgotPassword@6cf0e0ba] output={null}]]]>
              </value>
            </param>
          </params>
          <reporter-output>
          </reporter-output>
        </test-method> <!-- logout -->
        <test-method is-config="true" signature="closebrowser()[pri:0, instance:TestClassPakage.TestClassForForgotPassword@6cf0e0ba]" started-at="2023-10-11T15:51:06 IST" name="closebrowser" finished-at="2023-10-11T15:52:04 IST" duration-ms="57739" status="PASS">
          <reporter-output>
          </reporter-output>
        </test-method> <!-- closebrowser -->
      </class> <!-- TestClassPakage.TestClassForForgotPassword -->
      <class name="TestClassPakage.TestClassForSignUp">
        <test-method is-config="true" signature="luanchbrowser(java.lang.String)[pri:0, instance:TestClassPakage.TestClassForSignUp@7d8995e]" started-at="2023-10-11T15:50:41 IST" name="luanchbrowser" finished-at="2023-10-11T15:50:45 IST" duration-ms="4749" status="PASS">
          <params>
            <param index="0">
              <value>
                <![CDATA[Chrome]]>
              </value>
            </param>
          </params>
          <reporter-output>
          </reporter-output>
        </test-method> <!-- luanchbrowser -->
        <test-method is-config="true" signature="luanchbrowser()[pri:0, instance:TestClassPakage.TestClassForSignUp@7d8995e]" started-at="2023-10-11T15:50:46 IST" name="luanchbrowser" finished-at="2023-10-11T15:50:46 IST" duration-ms="369" status="PASS">
          <reporter-output>
          </reporter-output>
        </test-method> <!-- luanchbrowser -->
        <test-method is-config="true" signature="openLoginPage()[pri:0, instance:TestClassPakage.TestClassForSignUp@7d8995e]" started-at="2023-10-11T15:50:46 IST" name="openLoginPage" finished-at="2023-10-11T15:51:01 IST" duration-ms="15292" status="PASS">
          <reporter-output>
          </reporter-output>
        </test-method> <!-- openLoginPage -->
        <test-method signature="verifyLoginCredentials()[pri:1, instance:TestClassPakage.TestClassForSignUp@7d8995e]" started-at="2023-10-11T15:51:01 IST" name="verifyLoginCredentials" finished-at="2023-10-11T15:51:58 IST" duration-ms="56827" status="PASS">
          <reporter-output>
          </reporter-output>
        </test-method> <!-- verifyLoginCredentials -->
        <test-method is-config="true" signature="logout(org.testng.ITestResult)[pri:0, instance:TestClassPakage.TestClassForSignUp@7d8995e]" started-at="2023-10-11T15:51:58 IST" name="logout" finished-at="2023-10-11T15:51:58 IST" duration-ms="1" status="PASS">
          <params>
            <param index="0">
              <value>
                <![CDATA[[TestResult name=verifyLoginCredentials status=SUCCESS method=TestClassForSignUp.verifyLoginCredentials()[pri:1, instance:TestClassPakage.TestClassForSignUp@7d8995e] output={null}]]]>
              </value>
            </param>
          </params>
          <reporter-output>
          </reporter-output>
        </test-method> <!-- logout -->
        <test-method is-config="true" signature="openLoginPage()[pri:0, instance:TestClassPakage.TestClassForSignUp@7d8995e]" started-at="2023-10-11T15:51:58 IST" name="openLoginPage" finished-at="2023-10-11T15:52:01 IST" duration-ms="2918" status="PASS">
          <reporter-output>
          </reporter-output>
        </test-method> <!-- openLoginPage -->
        <test-method signature="verifyLoginCredentials2()[pri:1, instance:TestClassPakage.TestClassForSignUp@7d8995e]" started-at="2023-10-11T15:52:01 IST" name="verifyLoginCredentials2" finished-at="2023-10-11T15:52:05 IST" duration-ms="4048" status="PASS">
          <reporter-output>
          </reporter-output>
        </test-method> <!-- verifyLoginCredentials2 -->
        <test-method is-config="true" signature="logout(org.testng.ITestResult)[pri:0, instance:TestClassPakage.TestClassForSignUp@7d8995e]" started-at="2023-10-11T15:52:05 IST" name="logout" finished-at="2023-10-11T15:52:05 IST" duration-ms="1" status="PASS">
          <params>
            <param index="0">
              <value>
                <![CDATA[[TestResult name=verifyLoginCredentials2 status=SUCCESS method=TestClassForSignUp.verifyLoginCredentials2()[pri:1, instance:TestClassPakage.TestClassForSignUp@7d8995e] output={null}]]]>
              </value>
            </param>
          </params>
          <reporter-output>
          </reporter-output>
        </test-method> <!-- logout -->
        <test-method is-config="true" signature="closebrowser()[pri:0, instance:TestClassPakage.TestClassForSignUp@7d8995e]" started-at="2023-10-11T15:52:05 IST" name="closebrowser" finished-at="2023-10-11T15:52:06 IST" duration-ms="1055" status="PASS">
          <reporter-output>
          </reporter-output>
        </test-method> <!-- closebrowser -->
      </class> <!-- TestClassPakage.TestClassForSignUp -->
      <class name="TestClassPakage.TestClassForFacebookLogin">
        <test-method is-config="true" signature="luanchbrowser(java.lang.String)[pri:0, instance:TestClassPakage.TestClassForFacebookLogin@55183b20]" started-at="2023-10-11T15:50:17 IST" name="luanchbrowser" finished-at="2023-10-11T15:50:24 IST" duration-ms="7202" status="PASS">
          <params>
            <param index="0">
              <value>
                <![CDATA[Chrome]]>
              </value>
            </param>
          </params>
          <reporter-output>
          </reporter-output>
        </test-method> <!-- luanchbrowser -->
        <test-method is-config="true" signature="createObject()[pri:0, instance:TestClassPakage.TestClassForFacebookLogin@55183b20]" started-at="2023-10-11T15:50:46 IST" name="createObject" finished-at="2023-10-11T15:50:46 IST" duration-ms="380" status="PASS">
          <reporter-output>
          </reporter-output>
        </test-method> <!-- createObject -->
        <test-method is-config="true" signature="openLoginPage()[pri:0, instance:TestClassPakage.TestClassForFacebookLogin@55183b20]" started-at="2023-10-11T15:50:46 IST" name="openLoginPage" finished-at="2023-10-11T15:51:39 IST" duration-ms="52688" status="PASS">
          <reporter-output>
          </reporter-output>
        </test-method> <!-- openLoginPage -->
        <test-method signature="verifyLoginCredentials()[pri:0, instance:TestClassPakage.TestClassForFacebookLogin@55183b20]" started-at="2023-10-11T15:51:39 IST" name="verifyLoginCredentials" finished-at="2023-10-11T15:51:48 IST" duration-ms="9487" status="PASS">
          <reporter-output>
          </reporter-output>
        </test-method> <!-- verifyLoginCredentials -->
        <test-method is-config="true" signature="logout(org.testng.ITestResult)[pri:0, instance:TestClassPakage.TestClassForFacebookLogin@55183b20]" started-at="2023-10-11T15:51:48 IST" name="logout" finished-at="2023-10-11T15:51:48 IST" duration-ms="0" status="PASS">
          <params>
            <param index="0">
              <value>
                <![CDATA[[TestResult name=verifyLoginCredentials status=SUCCESS method=TestClassForFacebookLogin.verifyLoginCredentials()[pri:0, instance:TestClassPakage.TestClassForFacebookLogin@55183b20] output={null}]]]>
              </value>
            </param>
          </params>
          <reporter-output>
          </reporter-output>
        </test-method> <!-- logout -->
        <test-method is-config="true" signature="closebrowser()[pri:0, instance:TestClassPakage.TestClassForFacebookLogin@55183b20]" started-at="2023-10-11T15:51:48 IST" name="closebrowser" finished-at="2023-10-11T15:52:06 IST" duration-ms="17246" status="PASS">
          <reporter-output>
          </reporter-output>
        </test-method> <!-- closebrowser -->
      </class> <!-- TestClassPakage.TestClassForFacebookLogin -->
      <class name="TestClassPakage.TestClassForLoginPage">
        <test-method is-config="true" signature="luanchbrowser(java.lang.String)[pri:0, instance:TestClassPakage.TestClassForLoginPage@77fbd92c]" started-at="2023-10-11T15:50:31 IST" name="luanchbrowser" finished-at="2023-10-11T15:50:41 IST" duration-ms="9205" status="PASS">
          <params>
            <param index="0">
              <value>
                <![CDATA[Chrome]]>
              </value>
            </param>
          </params>
          <reporter-output>
          </reporter-output>
        </test-method> <!-- luanchbrowser -->
        <test-method is-config="true" signature="createObject()[pri:0, instance:TestClassPakage.TestClassForLoginPage@77fbd92c]" started-at="2023-10-11T15:50:46 IST" name="createObject" finished-at="2023-10-11T15:50:46 IST" duration-ms="364" status="PASS">
          <reporter-output>
          </reporter-output>
        </test-method> <!-- createObject -->
        <test-method is-config="true" signature="openLoginPage()[pri:0, instance:TestClassPakage.TestClassForLoginPage@77fbd92c]" started-at="2023-10-11T15:50:46 IST" name="openLoginPage" finished-at="2023-10-11T15:51:03 IST" duration-ms="16776" status="PASS">
          <reporter-output>
          </reporter-output>
        </test-method> <!-- openLoginPage -->
        <test-method signature="verifyUser()[pri:0, instance:TestClassPakage.TestClassForLoginPage@77fbd92c]" started-at="2023-10-11T15:51:03 IST" name="verifyUser" finished-at="2023-10-11T15:51:51 IST" duration-ms="47991" status="PASS">
          <reporter-output>
          </reporter-output>
        </test-method> <!-- verifyUser -->
        <test-method is-config="true" signature="logout(org.testng.ITestResult)[pri:0, instance:TestClassPakage.TestClassForLoginPage@77fbd92c]" started-at="2023-10-11T15:51:51 IST" name="logout" finished-at="2023-10-11T15:51:51 IST" duration-ms="12" status="PASS">
          <params>
            <param index="0">
              <value>
                <![CDATA[[TestResult name=verifyUser status=SUCCESS method=TestClassForLoginPage.verifyUser()[pri:0, instance:TestClassPakage.TestClassForLoginPage@77fbd92c] output={null}]]]>
              </value>
            </param>
          </params>
          <reporter-output>
          </reporter-output>
        </test-method> <!-- logout -->
        <test-method is-config="true" signature="closebrowser()[pri:0, instance:TestClassPakage.TestClassForLoginPage@77fbd92c]" started-at="2023-10-11T15:51:51 IST" name="closebrowser" finished-at="2023-10-11T15:52:05 IST" duration-ms="14548" status="PASS">
          <reporter-output>
          </reporter-output>
        </test-method> <!-- closebrowser -->
      </class> <!-- TestClassPakage.TestClassForLoginPage -->
    </test> <!-- ChromeTest -->
  </suite> <!-- Suite -->
</testng-results>
