<?xml version="1.0" encoding="UTF-8"?>
<!-- Generated by org.testng.reporters.JUnitXMLReporter -->
<testsuite ignored="0" hostname="DESKTOP-55026OI" failures="0" tests="5" name="ChromeTest" time="109.109" errors="0" timestamp="2023-10-11T15:52:06 IST">
  <testcase classname="TestClassPakage.TestClassForForgotPassword" name="verifyLoginCredentials" time="5.826"/>
  <testcase classname="TestClassPakage.TestClassForFacebookLogin" name="verifyLoginCredentials" time="9.487"/>
  <testcase classname="TestClassPakage.TestClassForLoginPage" name="verifyUser" time="47.991"/>
  <testcase classname="TestClassPakage.TestClassForSignUp" name="verifyLoginCredentials" time="56.827"/>
  <testcase classname="TestClassPakage.TestClassForSignUp" name="verifyLoginCredentials2" time="4.048"/>
</testsuite> <!-- ChromeTest -->
