<?xml version="1.0" encoding="UTF-8"?>
<!-- Generated by org.testng.reporters.JUnitXMLReporter -->
<testsuite ignored="0" hostname="DESKTOP-55026OI" failures="0" tests="5" name="EdgeTest" time="80.214" errors="0" timestamp="2023-10-13T08:25:46 IST">
  <testcase classname="TestClassPakage.TestClassForSignUp" name="verifyLoginCredentials" time="8.799"/>
  <testcase classname="TestClassPakage.TestClassForLoginPage" name="verifyUser" time="21.583"/>
  <testcase classname="TestClassPakage.TestClassForForgotPassword" name="verifyLoginCredentials" time="10.582"/>
  <testcase classname="TestClassPakage.TestClassForSignUp" name="verifyLoginCredentials2" time="15.207"/>
  <testcase classname="TestClassPakage.TestClassForFacebookLogin" name="verifyLoginCredentials" time="5.325"/>
</testsuite> <!-- EdgeTest -->
