<?xml version="1.0" encoding="UTF-8"?>
<!-- Generated by org.testng.reporters.JUnitXMLReporter -->
<testsuite ignored="0" hostname="DESKTOP-55026OI" failures="0" tests="5" name="EdgeTest" time="108.321" errors="0" timestamp="2023-10-11T15:52:06 IST">
  <testcase classname="TestClassPakage.TestClassForSignUp" name="verifyLoginCredentials" time="13.177"/>
  <testcase classname="TestClassPakage.TestClassForLoginPage" name="verifyUser" time="27.511"/>
  <testcase classname="TestClassPakage.TestClassForForgotPassword" name="verifyLoginCredentials" time="10.277"/>
  <testcase classname="TestClassPakage.TestClassForFacebookLogin" name="verifyLoginCredentials" time="7.058"/>
  <testcase classname="TestClassPakage.TestClassForSignUp" name="verifyLoginCredentials2" time="5.0"/>
</testsuite> <!-- EdgeTest -->
