<?xml version="1.0" encoding="UTF-8"?>
<!-- Generated by org.testng.reporters.JUnitXMLReporter -->
<testsuite ignored="0" hostname="DESKTOP-55026OI" failures="0" tests="5" name="Test" time="48.687" errors="0" timestamp="2023-09-27T14:16:19 IST">
  <testcase classname="TestClassPakage.TestClassForFacebookLogin" name="@BeforeMethod openLoginPage" time="0.003">
    <failure type="java.lang.NullPointerException" message="Cannot invoke &amp;quot;org.openqa.selenium.WebDriver.get(String)&amp;quot; because &amp;quot;this.driver&amp;quot; is null">
      <![CDATA[java.lang.NullPointerException: Cannot invoke "org.openqa.selenium.WebDriver.get(String)" because "this.driver" is null
at TestClassPakage.TestClassForFacebookLogin.openLoginPage(TestClassForFacebookLogin.java:58)
at java.base/java.util.ArrayList.forEach(ArrayList.java:1511)
... Removed 29 stack frames]]>
    </failure>
  </testcase> <!-- @BeforeMethod openLoginPage -->
  <testcase classname="TestClassPakage.TestClassForFacebookLogin" name="@AfterMethod logout" time="-1.695804345846E9">
    <skipped/>
  </testcase> <!-- @AfterMethod logout -->
  <testcase classname="TestClassPakage.TestClassForFacebookLogin" name="@AfterClass closebrowser" time="-1.69580434586E9">
    <skipped/>
  </testcase> <!-- @AfterClass closebrowser -->
  <testcase classname="TestClassPakage.TestClassForLoginPage" name="verifyUser" time="2.124"/>
  <testcase classname="TestClassPakage.TestClassForFacebookLogin" name="verifyLoginCredentials" time="0.001">
    <skipped/>
  </testcase> <!-- verifyLoginCredentials -->
  <testcase classname="TestClassPakage.TestClassForForgotPassword" name="verifyLoginCredentials" time="3.81"/>
  <testcase classname="TestClassPakage.TestClassForSignUp" name="verifyLoginCredentials" time="4.234"/>
  <testcase classname="TestClassPakage.TestClassForSignUp" name="verifyLoginCredentials2" time="4.081"/>
</testsuite> <!-- Test -->
